2015-10-08 15:53:10,448 INFO  [org.jboss.modules] (main) JBoss Modules version 1.3.3.Final
2015-10-08 15:53:12,318 INFO  [org.jboss.msc] (main) JBoss MSC version 1.2.2.Final
2015-10-08 15:53:12,787 INFO  [org.jboss.as] (MSC service thread 1-7) JBAS015899: WildFly 8.2.1.Final "Tweek" starting
2015-10-08 15:53:12,797 DEBUG [org.jboss.as.config] (MSC service thread 1-7) Configured system properties:
	[Standalone] = 
	awt.toolkit = sun.lwawt.macosx.LWCToolkit
	file.encoding = UTF-8
	file.encoding.pkg = sun.io
	file.separator = /
	gopherProxySet = false
	java.awt.graphicsenv = sun.awt.CGraphicsEnvironment
	java.awt.headless = true
	java.awt.printerjob = sun.lwawt.macosx.CPrinterJob
	java.class.path = /Users/daniel/Downloads/wildfly-8.2.1.Final/jboss-modules.jar
	java.class.version = 52.0
	java.endorsed.dirs = /Library/Java/JavaVirtualMachines/jdk1.8.0_25.jdk/Contents/Home/jre/lib/endorsed
	java.ext.dirs = /Users/daniel/Library/Java/Extensions:/Library/Java/JavaVirtualMachines/jdk1.8.0_25.jdk/Contents/Home/jre/lib/ext:/Library/Java/Extensions:/Network/Library/Java/Extensions:/System/Library/Java/Extensions:/usr/lib/java
	java.home = /Library/Java/JavaVirtualMachines/jdk1.8.0_25.jdk/Contents/Home/jre
	java.io.tmpdir = /var/folders/h8/hk210gy94dzdk8r8gwsq_8mc0000gn/T/
	java.library.path = /Users/daniel/Library/Java/Extensions:/Library/Java/Extensions:/Network/Library/Java/Extensions:/System/Library/Java/Extensions:/usr/lib/java:.
	java.net.preferIPv4Stack = true
	java.runtime.name = Java(TM) SE Runtime Environment
	java.runtime.version = 1.8.0_25-b17
	java.specification.name = Java Platform API Specification
	java.specification.vendor = Oracle Corporation
	java.specification.version = 1.8
	java.util.logging.manager = org.jboss.logmanager.LogManager
	java.vendor = Oracle Corporation
	java.vendor.url = http://java.oracle.com/
	java.vendor.url.bug = http://bugreport.sun.com/bugreport/
	java.version = 1.8.0_25
	java.vm.info = mixed mode
	java.vm.name = Java HotSpot(TM) 64-Bit Server VM
	java.vm.specification.name = Java Virtual Machine Specification
	java.vm.specification.vendor = Oracle Corporation
	java.vm.specification.version = 1.8
	java.vm.vendor = Oracle Corporation
	java.vm.version = 25.25-b02
	javax.management.builder.initial = org.jboss.as.jmx.PluggableMBeanServerBuilder
	javax.xml.datatype.DatatypeFactory = __redirected.__DatatypeFactory
	javax.xml.parsers.DocumentBuilderFactory = __redirected.__DocumentBuilderFactory
	javax.xml.parsers.SAXParserFactory = __redirected.__SAXParserFactory
	javax.xml.stream.XMLEventFactory = __redirected.__XMLEventFactory
	javax.xml.stream.XMLInputFactory = __redirected.__XMLInputFactory
	javax.xml.stream.XMLOutputFactory = __redirected.__XMLOutputFactory
	javax.xml.transform.TransformerFactory = __redirected.__TransformerFactory
	javax.xml.validation.SchemaFactory:http://www.w3.org/2001/XMLSchema = __redirected.__SchemaFactory
	javax.xml.xpath.XPathFactory:http://java.sun.com/jaxp/xpath/dom = __redirected.__XPathFactory
	jboss.home.dir = /Users/daniel/Downloads/wildfly-8.2.1.Final
	jboss.host.name = macbook-pro-de-daniel
	jboss.modules.dir = /Users/daniel/Downloads/wildfly-8.2.1.Final/modules
	jboss.modules.system.pkgs = org.jboss.byteman
	jboss.node.name = macbook-pro-de-daniel
	jboss.qualified.host.name = macbook-pro-de-daniel.local
	jboss.server.base.dir = /Users/daniel/Downloads/wildfly-8.2.1.Final/standalone
	jboss.server.config.dir = /Users/daniel/Downloads/wildfly-8.2.1.Final/standalone/configuration
	jboss.server.data.dir = /Users/daniel/Downloads/wildfly-8.2.1.Final/standalone/data
	jboss.server.deploy.dir = /Users/daniel/Downloads/wildfly-8.2.1.Final/standalone/data/content
	jboss.server.log.dir = /Users/daniel/Downloads/wildfly-8.2.1.Final/standalone/log
	jboss.server.name = macbook-pro-de-daniel
	jboss.server.persist.config = true
	jboss.server.temp.dir = /Users/daniel/Downloads/wildfly-8.2.1.Final/standalone/tmp
	line.separator = 

	logging.configuration = file:/Users/daniel/Downloads/wildfly-8.2.1.Final/standalone/configuration/logging.properties
	module.path = /Users/daniel/Downloads/wildfly-8.2.1.Final/modules
	org.jboss.boot.log.file = /Users/daniel/Downloads/wildfly-8.2.1.Final/standalone/log/server.log
	org.jboss.resolver.warning = true
	org.xml.sax.driver = __redirected.__XMLReaderFactory
	os.arch = x86_64
	os.name = Mac OS X
	os.version = 10.10.5
	path.separator = :
	sun.arch.data.model = 64
	sun.boot.class.path = /Library/Java/JavaVirtualMachines/jdk1.8.0_25.jdk/Contents/Home/jre/lib/resources.jar:/Library/Java/JavaVirtualMachines/jdk1.8.0_25.jdk/Contents/Home/jre/lib/rt.jar:/Library/Java/JavaVirtualMachines/jdk1.8.0_25.jdk/Contents/Home/jre/lib/sunrsasign.jar:/Library/Java/JavaVirtualMachines/jdk1.8.0_25.jdk/Contents/Home/jre/lib/jsse.jar:/Library/Java/JavaVirtualMachines/jdk1.8.0_25.jdk/Contents/Home/jre/lib/jce.jar:/Library/Java/JavaVirtualMachines/jdk1.8.0_25.jdk/Contents/Home/jre/lib/charsets.jar:/Library/Java/JavaVirtualMachines/jdk1.8.0_25.jdk/Contents/Home/jre/lib/jfr.jar:/Library/Java/JavaVirtualMachines/jdk1.8.0_25.jdk/Contents/Home/jre/classes
	sun.boot.library.path = /Library/Java/JavaVirtualMachines/jdk1.8.0_25.jdk/Contents/Home/jre/lib
	sun.cpu.endian = little
	sun.cpu.isalist = 
	sun.io.unicode.encoding = UnicodeBig
	sun.java.command = /Users/daniel/Downloads/wildfly-8.2.1.Final/jboss-modules.jar -mp /Users/daniel/Downloads/wildfly-8.2.1.Final/modules org.jboss.as.standalone -Djboss.home.dir=/Users/daniel/Downloads/wildfly-8.2.1.Final -Djboss.server.base.dir=/Users/daniel/Downloads/wildfly-8.2.1.Final/standalone
	sun.java.launcher = SUN_STANDARD
	sun.jnu.encoding = UTF-8
	sun.management.compiler = HotSpot 64-Bit Tiered Compilers
	sun.os.patch.level = unknown
	user.country = ES
	user.country.format = CO
	user.dir = /Users/daniel/Downloads/wildfly-8.2.1.Final
	user.home = /Users/daniel
	user.language = es
	user.name = daniel
	user.timezone = Europe/Madrid
2015-10-08 15:53:12,800 DEBUG [org.jboss.as.config] (MSC service thread 1-7) VM Arguments: -D[Standalone] -XX:+UseCompressedOops -XX:+UseCompressedOops -Xms64m -Xmx512m -XX:MaxPermSize=256m -Djava.net.preferIPv4Stack=true -Djboss.modules.system.pkgs=org.jboss.byteman -Djava.awt.headless=true -Dorg.jboss.boot.log.file=/Users/daniel/Downloads/wildfly-8.2.1.Final/standalone/log/server.log -Dlogging.configuration=file:/Users/daniel/Downloads/wildfly-8.2.1.Final/standalone/configuration/logging.properties 
2015-10-08 15:53:19,896 INFO  [org.jboss.as.server] (Controller Boot Thread) JBAS015888: Creating http management service using socket-binding (management-http)
2015-10-08 15:53:20,073 INFO  [org.xnio] (MSC service thread 1-7) XNIO version 3.3.0.Final
2015-10-08 15:53:20,181 INFO  [org.xnio.nio] (MSC service thread 1-7) XNIO NIO Implementation Version 3.3.0.Final
2015-10-08 15:53:20,258 WARN  [org.jboss.as.txn] (ServerService Thread Pool -- 46) JBAS010153: Node identifier property is set to the default value. Please make sure it is unique.
2015-10-08 15:53:20,258 INFO  [org.jboss.as.security] (ServerService Thread Pool -- 45) JBAS013171: Activating Security Subsystem
2015-10-08 15:53:20,389 INFO  [org.jboss.as.clustering.infinispan] (ServerService Thread Pool -- 32) JBAS010280: Activating Infinispan subsystem.
2015-10-08 15:53:20,449 INFO  [org.jboss.as.jsf] (ServerService Thread Pool -- 38) JBAS012615: Activated the following JSF Implementations: [main]
2015-10-08 15:53:20,477 INFO  [org.jboss.as.security] (MSC service thread 1-5) JBAS013170: Current PicketBox version=4.0.21.Final
2015-10-08 15:53:20,487 INFO  [org.jboss.as.webservices] (ServerService Thread Pool -- 48) JBAS015537: Activating WebServices Extension
2015-10-08 15:53:20,547 INFO  [org.jboss.as.naming] (ServerService Thread Pool -- 40) JBAS011800: Activating Naming Subsystem
2015-10-08 15:53:20,985 INFO  [org.jboss.as.connector.logging] (MSC service thread 1-6) JBAS010408: Starting JCA Subsystem (IronJacamar 1.1.9.Final)
2015-10-08 15:53:21,067 INFO  [org.wildfly.extension.undertow] (MSC service thread 1-1) JBAS017502: Undertow 1.1.8.Final starting
2015-10-08 15:53:21,067 INFO  [org.wildfly.extension.undertow] (ServerService Thread Pool -- 47) JBAS017502: Undertow 1.1.8.Final starting
2015-10-08 15:53:21,251 INFO  [org.wildfly.extension.io] (ServerService Thread Pool -- 31) WFLYIO001: Worker 'default' has auto-configured to 8 core threads with 64 task threads based on your 4 available processors
2015-10-08 15:53:21,849 INFO  [org.jboss.as.connector.subsystems.datasources] (ServerService Thread Pool -- 27) JBAS010403: Deploying JDBC-compliant driver class org.h2.Driver (version 1.3)
2015-10-08 15:53:21,920 INFO  [org.jboss.as.connector.deployers.jdbc] (MSC service thread 1-5) JBAS010417: Started Driver service with driver-name = h2
2015-10-08 15:53:23,017 INFO  [org.wildfly.extension.undertow] (ServerService Thread Pool -- 47) JBAS017527: Creating file handler for path /Users/daniel/Downloads/wildfly-8.2.1.Final/welcome-content
2015-10-08 15:53:23,305 INFO  [org.jboss.as.naming] (MSC service thread 1-4) JBAS011802: Starting Naming Service
2015-10-08 15:53:23,306 INFO  [org.jboss.as.mail.extension] (MSC service thread 1-5) JBAS015400: Bound mail session [java:jboss/mail/Default]
2015-10-08 15:53:23,875 INFO  [org.wildfly.extension.undertow] (MSC service thread 1-8) JBAS017525: Started server default-server.
2015-10-08 15:53:23,900 INFO  [org.jboss.remoting] (MSC service thread 1-7) JBoss Remoting version 4.0.7.Final
2015-10-08 15:53:23,976 INFO  [org.wildfly.extension.undertow] (MSC service thread 1-1) JBAS017531: Host default-host starting
2015-10-08 15:53:24,972 INFO  [org.wildfly.extension.undertow] (MSC service thread 1-8) JBAS017519: Undertow HTTP listener default listening on /127.0.0.1:8080
2015-10-08 15:53:25,973 INFO  [org.jboss.as.connector.subsystems.datasources] (MSC service thread 1-5) JBAS010400: Bound data source [java:jboss/datasources/ExampleDS]
2015-10-08 15:53:26,178 INFO  [org.jboss.as.server.deployment.scanner] (MSC service thread 1-8) JBAS015012: Started FileSystemDeploymentService for directory /Users/daniel/Downloads/wildfly-8.2.1.Final/standalone/deployments
2015-10-08 15:53:26,968 INFO  [org.jboss.ws.common.management] (MSC service thread 1-4) JBWS022052: Starting JBoss Web Services - Stack CXF Server 4.3.2.Final
2015-10-08 15:53:27,138 INFO  [org.jboss.as] (Controller Boot Thread) JBAS015961: Http management interface listening on http://127.0.0.1:9990/management
2015-10-08 15:53:27,139 INFO  [org.jboss.as] (Controller Boot Thread) JBAS015951: Admin console listening on http://127.0.0.1:9990
2015-10-08 15:53:27,140 INFO  [org.jboss.as] (Controller Boot Thread) JBAS015874: WildFly 8.2.1.Final "Tweek" started in 18762ms - Started 184 of 234 services (82 services are lazy, passive or on-demand)
2015-10-08 15:54:23,596 INFO  [org.jboss.as.connector.subsystems.datasources] (MSC service thread 1-6) JBAS010409: Unbound data source [java:jboss/datasources/ExampleDS]
2015-10-08 15:54:23,627 INFO  [org.jboss.as.connector.deployers.jdbc] (MSC service thread 1-2) JBAS010418: Stopped Driver service with driver-name = h2
2015-10-08 15:54:23,602 INFO  [org.wildfly.extension.undertow] (MSC service thread 1-7) JBAS017532: Host default-host stopping
2015-10-08 15:54:23,645 INFO  [org.wildfly.extension.undertow] (MSC service thread 1-6) JBAS017521: Undertow HTTP listener default suspending
2015-10-08 15:54:23,652 INFO  [org.wildfly.extension.undertow] (MSC service thread 1-6) JBAS017520: Undertow HTTP listener default stopped, was bound to /127.0.0.1:8080
2015-10-08 15:54:23,654 INFO  [org.wildfly.extension.undertow] (MSC service thread 1-6) JBAS017506: Undertow 1.1.8.Final stopping
2015-10-08 15:54:23,687 INFO  [org.jboss.as] (MSC service thread 1-3) JBAS015950: WildFly 8.2.1.Final "Tweek" stopped in 112ms
2015-10-08 15:56:46,384 INFO  [org.jboss.modules] (main) JBoss Modules version 1.3.3.Final
2015-10-08 15:56:47,614 INFO  [org.jboss.msc] (main) JBoss MSC version 1.2.2.Final
2015-10-08 15:56:47,736 INFO  [org.jboss.as] (MSC service thread 1-6) JBAS015899: WildFly 8.2.1.Final "Tweek" starting
2015-10-08 15:56:47,743 DEBUG [org.jboss.as.config] (MSC service thread 1-6) Configured system properties:
	[Standalone] = 
	awt.toolkit = sun.lwawt.macosx.LWCToolkit
	file.encoding = UTF-8
	file.encoding.pkg = sun.io
	file.separator = /
	gopherProxySet = false
	java.awt.graphicsenv = sun.awt.CGraphicsEnvironment
	java.awt.headless = true
	java.awt.printerjob = sun.lwawt.macosx.CPrinterJob
	java.class.path = /Users/daniel/Downloads/wildfly-8.2.1.Final/jboss-modules.jar
	java.class.version = 52.0
	java.endorsed.dirs = /Library/Java/JavaVirtualMachines/jdk1.8.0_25.jdk/Contents/Home/jre/lib/endorsed
	java.ext.dirs = /Users/daniel/Library/Java/Extensions:/Library/Java/JavaVirtualMachines/jdk1.8.0_25.jdk/Contents/Home/jre/lib/ext:/Library/Java/Extensions:/Network/Library/Java/Extensions:/System/Library/Java/Extensions:/usr/lib/java
	java.home = /Library/Java/JavaVirtualMachines/jdk1.8.0_25.jdk/Contents/Home/jre
	java.io.tmpdir = /var/folders/h8/hk210gy94dzdk8r8gwsq_8mc0000gn/T/
	java.library.path = /Users/daniel/Library/Java/Extensions:/Library/Java/Extensions:/Network/Library/Java/Extensions:/System/Library/Java/Extensions:/usr/lib/java:.
	java.net.preferIPv4Stack = true
	java.runtime.name = Java(TM) SE Runtime Environment
	java.runtime.version = 1.8.0_25-b17
	java.specification.name = Java Platform API Specification
	java.specification.vendor = Oracle Corporation
	java.specification.version = 1.8
	java.util.logging.manager = org.jboss.logmanager.LogManager
	java.vendor = Oracle Corporation
	java.vendor.url = http://java.oracle.com/
	java.vendor.url.bug = http://bugreport.sun.com/bugreport/
	java.version = 1.8.0_25
	java.vm.info = mixed mode
	java.vm.name = Java HotSpot(TM) 64-Bit Server VM
	java.vm.specification.name = Java Virtual Machine Specification
	java.vm.specification.vendor = Oracle Corporation
	java.vm.specification.version = 1.8
	java.vm.vendor = Oracle Corporation
	java.vm.version = 25.25-b02
	javax.management.builder.initial = org.jboss.as.jmx.PluggableMBeanServerBuilder
	javax.xml.datatype.DatatypeFactory = __redirected.__DatatypeFactory
	javax.xml.parsers.DocumentBuilderFactory = __redirected.__DocumentBuilderFactory
	javax.xml.parsers.SAXParserFactory = __redirected.__SAXParserFactory
	javax.xml.stream.XMLEventFactory = __redirected.__XMLEventFactory
	javax.xml.stream.XMLInputFactory = __redirected.__XMLInputFactory
	javax.xml.stream.XMLOutputFactory = __redirected.__XMLOutputFactory
	javax.xml.transform.TransformerFactory = __redirected.__TransformerFactory
	javax.xml.validation.SchemaFactory:http://www.w3.org/2001/XMLSchema = __redirected.__SchemaFactory
	javax.xml.xpath.XPathFactory:http://java.sun.com/jaxp/xpath/dom = __redirected.__XPathFactory
	jboss.home.dir = /Users/daniel/Downloads/wildfly-8.2.1.Final
	jboss.host.name = macbook-pro-de-daniel
	jboss.modules.dir = /Users/daniel/Downloads/wildfly-8.2.1.Final/modules
	jboss.modules.system.pkgs = org.jboss.byteman
	jboss.node.name = macbook-pro-de-daniel
	jboss.qualified.host.name = macbook-pro-de-daniel.local
	jboss.server.base.dir = /Users/daniel/Downloads/wildfly-8.2.1.Final/standalone
	jboss.server.config.dir = /Users/daniel/Downloads/wildfly-8.2.1.Final/standalone/configuration
	jboss.server.data.dir = /Users/daniel/Downloads/wildfly-8.2.1.Final/standalone/data
	jboss.server.deploy.dir = /Users/daniel/Downloads/wildfly-8.2.1.Final/standalone/data/content
	jboss.server.log.dir = /Users/daniel/Downloads/wildfly-8.2.1.Final/standalone/log
	jboss.server.name = macbook-pro-de-daniel
	jboss.server.persist.config = true
	jboss.server.temp.dir = /Users/daniel/Downloads/wildfly-8.2.1.Final/standalone/tmp
	line.separator = 

	logging.configuration = file:/Users/daniel/Downloads/wildfly-8.2.1.Final/standalone/configuration/logging.properties
	module.path = /Users/daniel/Downloads/wildfly-8.2.1.Final/modules
	org.jboss.boot.log.file = /Users/daniel/Downloads/wildfly-8.2.1.Final/standalone/log/server.log
	org.jboss.resolver.warning = true
	org.xml.sax.driver = __redirected.__XMLReaderFactory
	os.arch = x86_64
	os.name = Mac OS X
	os.version = 10.10.5
	path.separator = :
	sun.arch.data.model = 64
	sun.boot.class.path = /Library/Java/JavaVirtualMachines/jdk1.8.0_25.jdk/Contents/Home/jre/lib/resources.jar:/Library/Java/JavaVirtualMachines/jdk1.8.0_25.jdk/Contents/Home/jre/lib/rt.jar:/Library/Java/JavaVirtualMachines/jdk1.8.0_25.jdk/Contents/Home/jre/lib/sunrsasign.jar:/Library/Java/JavaVirtualMachines/jdk1.8.0_25.jdk/Contents/Home/jre/lib/jsse.jar:/Library/Java/JavaVirtualMachines/jdk1.8.0_25.jdk/Contents/Home/jre/lib/jce.jar:/Library/Java/JavaVirtualMachines/jdk1.8.0_25.jdk/Contents/Home/jre/lib/charsets.jar:/Library/Java/JavaVirtualMachines/jdk1.8.0_25.jdk/Contents/Home/jre/lib/jfr.jar:/Library/Java/JavaVirtualMachines/jdk1.8.0_25.jdk/Contents/Home/jre/classes
	sun.boot.library.path = /Library/Java/JavaVirtualMachines/jdk1.8.0_25.jdk/Contents/Home/jre/lib
	sun.cpu.endian = little
	sun.cpu.isalist = 
	sun.io.unicode.encoding = UnicodeBig
	sun.java.command = /Users/daniel/Downloads/wildfly-8.2.1.Final/jboss-modules.jar -mp /Users/daniel/Downloads/wildfly-8.2.1.Final/modules org.jboss.as.standalone -Djboss.home.dir=/Users/daniel/Downloads/wildfly-8.2.1.Final -Djboss.server.base.dir=/Users/daniel/Downloads/wildfly-8.2.1.Final/standalone
	sun.java.launcher = SUN_STANDARD
	sun.jnu.encoding = UTF-8
	sun.management.compiler = HotSpot 64-Bit Tiered Compilers
	sun.os.patch.level = unknown
	user.country = ES
	user.country.format = CO
	user.dir = /Users/daniel/Downloads/wildfly-8.2.1.Final
	user.home = /Users/daniel
	user.language = es
	user.name = daniel
	user.timezone = Europe/Madrid
2015-10-08 15:56:47,755 DEBUG [org.jboss.as.config] (MSC service thread 1-6) VM Arguments: -D[Standalone] -XX:+UseCompressedOops -XX:+UseCompressedOops -Xms64m -Xmx512m -XX:MaxPermSize=256m -Djava.net.preferIPv4Stack=true -Djboss.modules.system.pkgs=org.jboss.byteman -Djava.awt.headless=true -Dorg.jboss.boot.log.file=/Users/daniel/Downloads/wildfly-8.2.1.Final/standalone/log/server.log -Dlogging.configuration=file:/Users/daniel/Downloads/wildfly-8.2.1.Final/standalone/configuration/logging.properties 
2015-10-08 15:56:55,593 INFO  [org.jboss.as.server] (Controller Boot Thread) JBAS015888: Creating http management service using socket-binding (management-http)
2015-10-08 15:56:55,884 INFO  [org.xnio] (MSC service thread 1-5) XNIO version 3.3.0.Final
2015-10-08 15:56:55,998 INFO  [org.jboss.as.security] (ServerService Thread Pool -- 45) JBAS013171: Activating Security Subsystem
2015-10-08 15:56:55,999 WARN  [org.jboss.as.txn] (ServerService Thread Pool -- 46) JBAS010153: Node identifier property is set to the default value. Please make sure it is unique.
2015-10-08 15:56:56,144 INFO  [org.jboss.as.clustering.infinispan] (ServerService Thread Pool -- 32) JBAS010280: Activating Infinispan subsystem.
2015-10-08 15:56:56,192 INFO  [org.jboss.as.jsf] (ServerService Thread Pool -- 38) JBAS012615: Activated the following JSF Implementations: [main]
2015-10-08 15:56:56,291 INFO  [org.jboss.as.naming] (ServerService Thread Pool -- 40) JBAS011800: Activating Naming Subsystem
2015-10-08 15:56:56,303 INFO  [org.jboss.as.security] (MSC service thread 1-8) JBAS013170: Current PicketBox version=4.0.21.Final
2015-10-08 15:56:56,317 INFO  [org.wildfly.extension.io] (ServerService Thread Pool -- 31) WFLYIO001: Worker 'default' has auto-configured to 8 core threads with 64 task threads based on your 4 available processors
2015-10-08 15:56:56,320 INFO  [org.jboss.as.webservices] (ServerService Thread Pool -- 48) JBAS015537: Activating WebServices Extension
2015-10-08 15:56:56,804 INFO  [org.xnio.nio] (MSC service thread 1-5) XNIO NIO Implementation Version 3.3.0.Final
2015-10-08 15:56:57,237 INFO  [org.jboss.as.connector.logging] (MSC service thread 1-1) JBAS010408: Starting JCA Subsystem (IronJacamar 1.1.9.Final)
2015-10-08 15:56:57,291 INFO  [org.wildfly.extension.undertow] (MSC service thread 1-2) JBAS017502: Undertow 1.1.8.Final starting
2015-10-08 15:56:57,291 INFO  [org.wildfly.extension.undertow] (ServerService Thread Pool -- 47) JBAS017502: Undertow 1.1.8.Final starting
2015-10-08 15:56:57,739 INFO  [org.jboss.as.naming] (MSC service thread 1-8) JBAS011802: Starting Naming Service
2015-10-08 15:56:57,744 INFO  [org.jboss.as.mail.extension] (MSC service thread 1-4) JBAS015400: Bound mail session [java:jboss/mail/Default]
2015-10-08 15:56:58,093 INFO  [org.jboss.as.connector.subsystems.datasources] (ServerService Thread Pool -- 27) JBAS010403: Deploying JDBC-compliant driver class org.h2.Driver (version 1.3)
2015-10-08 15:56:58,145 INFO  [org.jboss.as.connector.deployers.jdbc] (MSC service thread 1-2) JBAS010417: Started Driver service with driver-name = h2
2015-10-08 15:56:59,449 INFO  [org.jboss.remoting] (MSC service thread 1-7) JBoss Remoting version 4.0.7.Final
2015-10-08 15:57:00,322 INFO  [org.wildfly.extension.undertow] (ServerService Thread Pool -- 47) JBAS017527: Creating file handler for path /Users/daniel/Downloads/wildfly-8.2.1.Final/welcome-content
2015-10-08 15:57:01,120 INFO  [org.wildfly.extension.undertow] (MSC service thread 1-1) JBAS017525: Started server default-server.
2015-10-08 15:57:01,335 INFO  [org.wildfly.extension.undertow] (MSC service thread 1-2) JBAS017531: Host default-host starting
2015-10-08 15:57:01,660 INFO  [org.wildfly.extension.undertow] (MSC service thread 1-1) JBAS017519: Undertow HTTP listener default listening on /127.0.0.1:8080
2015-10-08 15:57:03,834 INFO  [org.jboss.as.connector.subsystems.datasources] (MSC service thread 1-7) JBAS010400: Bound data source [java:jboss/datasources/ExampleDS]
2015-10-08 15:57:04,224 INFO  [org.jboss.as.server.deployment.scanner] (MSC service thread 1-8) JBAS015012: Started FileSystemDeploymentService for directory /Users/daniel/Downloads/wildfly-8.2.1.Final/standalone/deployments
2015-10-08 15:57:06,282 INFO  [org.jboss.ws.common.management] (MSC service thread 1-1) JBWS022052: Starting JBoss Web Services - Stack CXF Server 4.3.2.Final
2015-10-08 15:57:06,536 INFO  [org.jboss.as] (Controller Boot Thread) JBAS015961: Http management interface listening on http://127.0.0.1:9990/management
2015-10-08 15:57:06,537 INFO  [org.jboss.as] (Controller Boot Thread) JBAS015951: Admin console listening on http://127.0.0.1:9990
2015-10-08 15:57:06,537 INFO  [org.jboss.as] (Controller Boot Thread) JBAS015874: WildFly 8.2.1.Final "Tweek" started in 20775ms - Started 184 of 234 services (82 services are lazy, passive or on-demand)
2015-10-08 15:58:07,304 INFO  [org.jboss.as.connector.subsystems.datasources] (MSC service thread 1-8) JBAS010409: Unbound data source [java:jboss/datasources/ExampleDS]
2015-10-08 15:58:07,339 INFO  [org.wildfly.extension.undertow] (MSC service thread 1-1) JBAS017521: Undertow HTTP listener default suspending
2015-10-08 15:58:07,306 INFO  [org.wildfly.extension.undertow] (MSC service thread 1-2) JBAS017532: Host default-host stopping
2015-10-08 15:58:07,335 INFO  [org.jboss.as.connector.deployers.jdbc] (MSC service thread 1-3) JBAS010418: Stopped Driver service with driver-name = h2
2015-10-08 15:58:07,356 INFO  [org.wildfly.extension.undertow] (MSC service thread 1-1) JBAS017520: Undertow HTTP listener default stopped, was bound to /127.0.0.1:8080
2015-10-08 15:58:07,357 INFO  [org.wildfly.extension.undertow] (MSC service thread 1-1) JBAS017506: Undertow 1.1.8.Final stopping
2015-10-08 15:58:07,364 INFO  [org.jboss.as] (MSC service thread 1-3) JBAS015950: WildFly 8.2.1.Final "Tweek" stopped in 69ms
2015-10-08 16:01:56,561 INFO  [org.wildfly.extension.io] (ServerService Thread Pool -- 31) WFLYIO001: Worker 'default' has auto-configured to 8 core threads with 64 task threads based on your 4 available processors
2015-10-08 16:01:56,601 INFO  [org.jboss.as.clustering.infinispan] (ServerService Thread Pool -- 32) JBAS010280: Activating Infinispan subsystem.
2015-10-08 16:01:56,599 WARN  [org.jboss.as.txn] (ServerService Thread Pool -- 46) JBAS010153: Node identifier property is set to the default value. Please make sure it is unique.
2015-10-08 16:01:56,597 INFO  [org.jboss.as.security] (ServerService Thread Pool -- 45) JBAS013171: Activating Security Subsystem
2015-10-08 16:01:56,668 INFO  [org.jboss.as.jsf] (ServerService Thread Pool -- 38) JBAS012615: Activated the following JSF Implementations: [main]
2015-10-08 16:01:56,671 INFO  [org.jboss.as.naming] (ServerService Thread Pool -- 40) JBAS011800: Activating Naming Subsystem
2015-10-08 16:01:56,743 INFO  [org.jboss.as.webservices] (ServerService Thread Pool -- 48) JBAS015537: Activating WebServices Extension
2015-10-08 16:01:56,826 INFO  [org.jboss.as.security] (MSC service thread 1-5) JBAS013170: Current PicketBox version=4.0.21.Final
2015-10-08 16:01:57,066 INFO  [org.jboss.as.connector.logging] (MSC service thread 1-4) JBAS010408: Starting JCA Subsystem (IronJacamar 1.1.9.Final)
2015-10-08 16:01:57,164 INFO  [org.wildfly.extension.undertow] (MSC service thread 1-8) JBAS017502: Undertow 1.1.8.Final starting
2015-10-08 16:01:57,164 INFO  [org.wildfly.extension.undertow] (ServerService Thread Pool -- 47) JBAS017502: Undertow 1.1.8.Final starting
2015-10-08 16:01:57,492 INFO  [org.jboss.as.naming] (MSC service thread 1-4) JBAS011802: Starting Naming Service
2015-10-08 16:01:57,494 INFO  [org.jboss.as.mail.extension] (MSC service thread 1-5) JBAS015400: Bound mail session [java:jboss/mail/Default]
2015-10-08 16:01:57,606 INFO  [org.jboss.as.connector.subsystems.datasources] (ServerService Thread Pool -- 27) JBAS010403: Deploying JDBC-compliant driver class org.h2.Driver (version 1.3)
2015-10-08 16:01:57,627 INFO  [org.jboss.as.connector.deployers.jdbc] (MSC service thread 1-1) JBAS010417: Started Driver service with driver-name = h2
2015-10-08 16:01:58,084 INFO  [org.jboss.remoting] (MSC service thread 1-3) JBoss Remoting version 4.0.7.Final
2015-10-08 16:01:58,506 INFO  [org.wildfly.extension.undertow] (ServerService Thread Pool -- 47) JBAS017527: Creating file handler for path /Users/daniel/Documents/UnEx/SOA/wildfly-8.2.1.Final/welcome-content
2015-10-08 16:01:59,105 INFO  [org.wildfly.extension.undertow] (MSC service thread 1-2) JBAS017525: Started server default-server.
2015-10-08 16:01:59,225 INFO  [org.wildfly.extension.undertow] (MSC service thread 1-1) JBAS017531: Host default-host starting
2015-10-08 16:01:59,385 INFO  [org.wildfly.extension.undertow] (MSC service thread 1-2) JBAS017519: Undertow HTTP listener default listening on /127.0.0.1:8080
2015-10-08 16:02:00,331 INFO  [org.jboss.as.connector.subsystems.datasources] (MSC service thread 1-7) JBAS010400: Bound data source [java:jboss/datasources/ExampleDS]
2015-10-08 16:02:00,531 INFO  [org.jboss.as.server.deployment.scanner] (MSC service thread 1-6) JBAS015012: Started FileSystemDeploymentService for directory /Users/daniel/Documents/UnEx/SOA/wildfly-8.2.1.Final/standalone/deployments
2015-10-08 16:02:01,147 INFO  [org.jboss.ws.common.management] (MSC service thread 1-5) JBWS022052: Starting JBoss Web Services - Stack CXF Server 4.3.2.Final
2015-10-08 16:02:01,271 INFO  [org.jboss.as] (Controller Boot Thread) JBAS015961: Http management interface listening on http://127.0.0.1:9990/management
2015-10-08 16:02:01,271 INFO  [org.jboss.as] (Controller Boot Thread) JBAS015951: Admin console listening on http://127.0.0.1:9990
2015-10-08 16:02:01,272 INFO  [org.jboss.as] (Controller Boot Thread) JBAS015874: WildFly 8.2.1.Final "Tweek" started in 11667ms - Started 184 of 234 services (82 services are lazy, passive or on-demand)
2015-10-08 19:51:58,954 INFO  [org.wildfly.extension.undertow] (MSC service thread 1-2) JBAS017532: Host default-host stopping
2015-10-08 19:51:58,921 INFO  [org.jboss.as.connector.subsystems.datasources] (MSC service thread 1-4) JBAS010409: Unbound data source [java:jboss/datasources/ExampleDS]
2015-10-08 19:51:59,258 INFO  [org.jboss.as.connector.deployers.jdbc] (MSC service thread 1-8) JBAS010418: Stopped Driver service with driver-name = h2
2015-10-08 19:51:59,331 INFO  [org.wildfly.extension.undertow] (MSC service thread 1-6) JBAS017521: Undertow HTTP listener default suspending
2015-10-08 19:51:59,377 INFO  [org.wildfly.extension.undertow] (MSC service thread 1-6) JBAS017520: Undertow HTTP listener default stopped, was bound to /127.0.0.1:8080
2015-10-08 19:51:59,401 INFO  [org.wildfly.extension.undertow] (MSC service thread 1-3) JBAS017506: Undertow 1.1.8.Final stopping
2015-10-08 19:51:59,454 INFO  [org.jboss.as] (MSC service thread 1-5) JBAS015950: WildFly 8.2.1.Final "Tweek" stopped in 858ms
